<?xml version="1.0" encoding="UTF-8"?>
<testng-results skipped="0" failed="1" total="1" passed="0">
  <reporter-output>
  </reporter-output>
  <suite name="Default suite" duration-ms="4216" started-at="2015-01-21T02:45:17Z" finished-at="2015-01-21T02:45:21Z">
    <groups>
    </groups>
    <test name="Default test" duration-ms="4216" started-at="2015-01-21T02:45:17Z" finished-at="2015-01-21T02:45:21Z">
      <class name="com.molo.wmarket.vmarketTest">
        <test-method status="FAIL" signature="GetAppListGame_isOk()[pri:0, instance:com.molo.wmarket.vmarketTest@3c3c9217]" name="GetAppListGame_isOk" duration-ms="4206" started-at="2015-01-21T10:45:17Z" finished-at="2015-01-21T10:45:21Z">
          <exception class="java.lang.AssertionError">
            <message>
              <![CDATA[对应的类型:]]>
            </message>
            <full-stacktrace>
              <![CDATA[java.lang.AssertionError: 对应的类型:
	at org.junit.Assert.fail(Assert.java:93)
	at org.junit.Assert.assertTrue(Assert.java:43)
	at com.molo.wmarket.vmarketTest.GetAppListGame_isOk(vmarketTest.java:105)
	at sun.reflect.NativeMethodAccessorImpl.invoke0(Native Method)
	at sun.reflect.NativeMethodAccessorImpl.invoke(NativeMethodAccessorImpl.java:39)
	at sun.reflect.DelegatingMethodAccessorImpl.invoke(DelegatingMethodAccessorImpl.java:25)
	at java.lang.reflect.Method.invoke(Method.java:597)
	at org.testng.internal.MethodInvocationHelper.invokeMethod(MethodInvocationHelper.java:84)
	at org.testng.internal.InvokeMethodRunnable.runOne(InvokeMethodRunnable.java:46)
	at org.testng.internal.InvokeMethodRunnable.run(InvokeMethodRunnable.java:37)
	at java.util.concurrent.Executors$RunnableAdapter.call(Executors.java:441)
	at java.util.concurrent.FutureTask$Sync.innerRun(FutureTask.java:303)
	at java.util.concurrent.FutureTask.run(FutureTask.java:138)
	at java.util.concurrent.ThreadPoolExecutor$Worker.runTask(ThreadPoolExecutor.java:886)
	at java.util.concurrent.ThreadPoolExecutor$Worker.run(ThreadPoolExecutor.java:908)
	at java.lang.Thread.run(Thread.java:662)
]]>
            </full-stacktrace>
          </exception> <!-- java.lang.AssertionError -->
          <reporter-output>
          </reporter-output>
        </test-method> <!-- GetAppListGame_isOk -->
      </class> <!-- com.molo.wmarket.vmarketTest -->
    </test> <!-- Default test -->
  </suite> <!-- Default suite -->
</testng-results>
